\BOOKMARK [0][-]{titlepage.0}{\376\377\000B\000Y\000U\000\040\000T\000I\000T\000L\000E\000\040\000P\000A\000G\000E}{}% 1
\BOOKMARK [0][-]{customtitlepage.0}{\376\377\000T\000I\000T\000L\000E\000\040\000P\000A\000G\000E}{}% 2
\BOOKMARK [0][-]{abstract.0}{\376\377\000A\000B\000S\000T\000R\000A\000C\000T}{}% 3
\BOOKMARK [0][-]{acknowledgments.0}{\376\377\000A\000C\000K\000N\000O\000W\000L\000E\000D\000G\000M\000E\000N\000T\000S}{}% 4
\BOOKMARK [0][-]{section*.2}{\376\377\000L\000i\000s\000t\000\040\000o\000f\000\040\000F\000i\000g\000u\000r\000e\000s}{}% 5
\BOOKMARK [0][-]{section*.3}{\376\377\000L\000i\000s\000t\000\040\000o\000f\000\040\000T\000a\000b\000l\000e\000s}{}% 6
\BOOKMARK [0][-]{chapter.1}{\376\377\0001\000\040\000I\000n\000t\000r\000o\000d\000u\000c\000t\000i\000o\000n}{}% 7
\BOOKMARK [1][-]{section.1.1}{\376\377\0001\000.\0001\000\040\000P\000r\000o\000b\000l\000e\000m}{chapter.1}% 8
\BOOKMARK [1][-]{section.1.2}{\376\377\0001\000.\0002\000\040\000M\000o\000d\000e\000l\000i\000n\000g\000\040\000B\000a\000c\000k\000g\000r\000o\000u\000n\000d}{chapter.1}% 9
\BOOKMARK [1][-]{section.1.3}{\376\377\0001\000.\0003\000\040\000T\000h\000e\000\040\0003\000D\000\040\000P\000a\000r\000a\000m\000e\000t\000e\000r\000i\000z\000e\000d\000\040\000M\000a\000i\000z\000e\000\040\000S\000t\000a\000l\000k\000\040\000M\000o\000d\000e\000l}{chapter.1}% 10
\BOOKMARK [1][-]{section.1.4}{\376\377\0001\000.\0004\000\040\000P\000u\000r\000p\000o\000s\000e}{chapter.1}% 11
\BOOKMARK [0][-]{chapter.2}{\376\377\0002\000\040\000F\000i\000n\000i\000t\000e\000\040\000E\000l\000e\000m\000e\000n\000t\000\040\000M\000o\000d\000e\000l\000\040\000A\000u\000t\000o\000m\000a\000t\000i\000o\000n\000\040\000a\000n\000d\000\040\000V\000a\000l\000i\000d\000a\000t\000i\000o\000n\000\040}{}% 12
\BOOKMARK [1][-]{section.2.1}{\376\377\0002\000.\0001\000\040\000S\000t\000a\000l\000k\000\040\000G\000e\000o\000m\000e\000t\000r\000y\000\040\000G\000e\000n\000e\000r\000a\000t\000i\000o\000n}{chapter.2}% 13
\BOOKMARK [1][-]{section.2.2}{\376\377\0002\000.\0002\000\040\000T\000h\000e\000\040\000A\000u\000t\000o\000m\000a\000t\000i\000o\000n\000\040\000S\000y\000s\000t\000e\000m}{chapter.2}% 14
\BOOKMARK [1][-]{section.2.3}{\376\377\0002\000.\0003\000\040\000S\000y\000s\000t\000e\000m\000\040\000V\000a\000l\000i\000d\000a\000t\000i\000o\000n}{chapter.2}% 15
\BOOKMARK [1][-]{section.2.4}{\376\377\0002\000.\0004\000\040\000A\000s\000s\000e\000s\000s\000m\000e\000n\000t\000\040\000o\000f\000\040\000A\000u\000t\000o\000m\000a\000t\000i\000o\000n\000\040\000S\000y\000s\000t\000e\000m\000\040\000P\000e\000r\000f\000o\000r\000m\000a\000n\000c\000e}{chapter.2}% 16
\BOOKMARK [1][-]{section.2.5}{\376\377\0002\000.\0005\000\040\000D\000i\000s\000c\000u\000s\000s\000i\000o\000n}{chapter.2}% 17
\BOOKMARK [0][-]{chapter.3}{\376\377\0003\000\040\000M\000a\000t\000e\000r\000i\000a\000l\000\040\000C\000o\000n\000s\000t\000a\000n\000t\000\040\000M\000e\000a\000s\000u\000r\000e\000m\000e\000n\000t\000:\000\040\000L\000o\000n\000g\000i\000t\000u\000d\000i\000n\000a\000l\000\040\000S\000h\000e\000a\000r\000\040\000M\000o\000d\000u\000l\000u\000s}{}% 18
\BOOKMARK [1][-]{section.3.1}{\376\377\0003\000.\0001\000\040\000B\000a\000c\000k\000g\000r\000o\000u\000n\000d}{chapter.3}% 19
\BOOKMARK [1][-]{section.3.2}{\376\377\0003\000.\0002\000\040\000M\000e\000t\000h\000o\000d\000s}{chapter.3}% 20
\BOOKMARK [1][-]{section.3.3}{\376\377\0003\000.\0003\000\040\000R\000e\000s\000u\000l\000t\000s}{chapter.3}% 21
\BOOKMARK [1][-]{section.3.4}{\376\377\0003\000.\0004\000\040\000D\000i\000s\000c\000u\000s\000s\000i\000o\000n}{chapter.3}% 22
\BOOKMARK [1][-]{section.3.5}{\376\377\0003\000.\0005\000\040\000L\000i\000m\000i\000t\000a\000t\000i\000o\000n\000s}{chapter.3}% 23
\BOOKMARK [0][-]{chapter.4}{\376\377\0004\000\040\000S\000e\000n\000s\000i\000t\000i\000v\000i\000t\000y\000\040\000A\000n\000a\000l\000y\000s\000i\000s\000\040\000o\000f\000\040\0003\000D\000\040\000P\000a\000r\000a\000m\000e\000t\000e\000r\000i\000z\000e\000d\000\040\000M\000o\000d\000e\000l\000s}{}% 24
\BOOKMARK [1][-]{section.4.1}{\376\377\0004\000.\0001\000\040\000B\000a\000c\000k\000g\000r\000o\000u\000n\000d}{chapter.4}% 25
\BOOKMARK [1][-]{section.4.2}{\376\377\0004\000.\0002\000\040\000M\000e\000t\000h\000o\000d\000s}{chapter.4}% 26
\BOOKMARK [1][-]{section.4.3}{\376\377\0004\000.\0003\000\040\000R\000e\000s\000u\000l\000t\000s}{chapter.4}% 27
\BOOKMARK [1][-]{section.4.4}{\376\377\0004\000.\0004\000\040\000D\000i\000s\000c\000u\000s\000s\000i\000o\000n}{chapter.4}% 28
\BOOKMARK [0][-]{chapter.5}{\376\377\0005\000\040\000S\000u\000m\000m\000a\000r\000y\000\040\000a\000n\000d\000\040\000C\000o\000n\000c\000l\000u\000s\000i\000o\000n}{}% 29
\BOOKMARK [1][-]{section.5.1}{\376\377\0005\000.\0001\000\040\000S\000u\000m\000m\000a\000r\000y\000\040\000o\000f\000\040\000R\000e\000s\000u\000l\000t\000s}{chapter.5}% 30
\BOOKMARK [1][-]{section.5.2}{\376\377\0005\000.\0002\000\040\000C\000o\000n\000t\000r\000i\000b\000u\000t\000i\000o\000n\000s\000\040\000t\000o\000\040\000S\000c\000i\000e\000n\000t\000i\000f\000i\000c\000\040\000L\000i\000t\000e\000r\000a\000t\000u\000r\000e}{chapter.5}% 31
\BOOKMARK [1][-]{section.5.3}{\376\377\0005\000.\0003\000\040\000F\000u\000t\000u\000r\000e\000\040\000W\000o\000r\000k}{chapter.5}% 32
\BOOKMARK [1][-]{section.5.4}{\376\377\0005\000.\0004\000\040\000C\000o\000n\000c\000l\000u\000s\000i\000o\000n\000s}{chapter.5}% 33
\BOOKMARK [0][-]{section*.5}{\376\377\000R\000e\000f\000e\000r\000e\000n\000c\000e\000s}{}% 34
